

Artist: Ace of Base
Song Name: The Sign
Album Name: The Sign (US Album) [Remastered]
Preview Url: https://p.scdn.co/mp3-preview/4c463359f67dd3546db7294d236dd0ae991882ff?cid=null

Artist: Jaeden Camstra
Song Name: At the Station
Album Name: Nimbus EP


Artist: Jaeden Camstra
Song Name: At the Station
Album Name: Nimbus EP


Artist: Eddie Silverton
Song Name: Gardens Of History
Album Name: Dirty Lounging


Artist: Mayhem
Song Name: Solitude Hymns
Album Name: Solitude Hymns


Artist: Rob $tone
Song Name: Chill Bill
Album Name: Chill Bill


Artist: Wryane
Song Name: Dat Stick - Remix
Album Name: Wryane's Mind: the EP (Remastered)


Artist: John Williams
Song Name: A Window to the Past
Album Name: Harry Potter and the Prisoner of Azkaban / Original Motion Picture Soundtrack


Artist: Ariana Grande
Song Name: Beauty and the Beast
Album Name: La Belle et La Bête (Bande Originale Française du Film)


Artist: John Williams
Song Name: Lumos! (Hedwig's Theme)
Album Name: Harry Potter and the Prisoner of Azkaban / Original Motion Picture Soundtrack
~~~~~~~~~~~~~~~
* Liebe Amelie
* 2005
* undefined
* Germany
* German
* After moving to Munich with her parents Kristin and Bernd, the 16-year-old Amelie has problems adjusting to her new school. Although the family seems to be happy, her parents are too busy ...
* Maria Kwiatkowsky, Gabriela Maria Schmeide, Oliver Stokowski, Jule Ronstedt
~~~~~~~~~~~~~~~~~~~~~~~~~~~~~~
* Liebe Amelie
* 2005
* undefined
* Germany
* German
* After moving to Munich with her parents Kristin and Bernd, the 16-year-old Amelie has problems adjusting to her new school. Although the family seems to be happy, her parents are too busy ...
* Maria Kwiatkowsky, Gabriela Maria Schmeide, Oliver Stokowski, Jule Ronstedt
~~~~~~~~~~~~~~~~~~~~~~~~~~~~~~
* Liebe Amelie
* 2005
* 8.1
* Germany
* German
* After moving to Munich with her parents Kristin and Bernd, the 16-year-old Amelie has problems adjusting to her new school. Although the family seems to be happy, her parents are too busy ...
* Maria Kwiatkowsky, Gabriela Maria Schmeide, Oliver Stokowski, Jule Ronstedt
~~~~~~~~~~~~~~~

Artist: Major Lazer
Song Name: Run Up
Album Name: Run Up
Preview Url: https://p.scdn.co/mp3-preview/fe5cd71191a076e83c9bcb39dfe4f7df7bb1b616?cid=null

Artist: Major Lazer
Song Name: Run Up
Album Name: Run Up
Preview Url: https://p.scdn.co/mp3-preview/fe5cd71191a076e83c9bcb39dfe4f7df7bb1b616?cid=null

Artist: Major Lazer
Song Name: Run Up
Album Name: Run Up
Preview Url: https://p.scdn.co/mp3-preview/fe5cd71191a076e83c9bcb39dfe4f7df7bb1b616?cid=null

Artist: Major Lazer
Song Name: Run Up
Album Name: Run Up
Preview Url: https://p.scdn.co/mp3-preview/fe5cd71191a076e83c9bcb39dfe4f7df7bb1b616?cid=null
~~~~~ 0 ~~~~~
Wed Apr 05 17:16:02 +0000 2017
https://t.co/vSiyiP6jMw
 ~  ~  ~~ : ~~ ~  ~ 
                   
~~~~~ 1 ~~~~~
Wed Apr 05 06:44:41 +0000 2017
RT @bcrypt: o darn https://t.co/k6UbYPKS7h
 ~  ~  ~~ : ~~ ~  ~ 
                   
~~~~~ 3 ~~~~~
Mon Apr 03 03:00:16 +0000 2017
We remember so much but still so little.
 ~  ~  ~~ : ~~ ~  ~ 
                   
~~~~~ 4 ~~~~~
Sun Apr 02 20:45:25 +0000 2017
I just earned the Introduction to Node.js badge on @treehouse! Come join me &amp; get 50% off your 1st month! https://t.co/vBdszsWxtt
 ~  ~  ~~ : ~~ ~  ~ 
                   
~~~~~ 2 ~~~~~
Tue Apr 04 07:19:14 +0000 2017
I just earned the Getting Data From an API With Node badge on @treehouse!  https://t.co/1AG14tMQsA
 ~  ~  ~~ : ~~ ~  ~ 
                   
~~~~~ 7 ~~~~~
Wed May 04 01:55:53 +0000 2016
@Nicholaor 
https://t.co/VC9OM11WCO
you can download the 3d visual programming environment.
 ~  ~  ~~ : ~~ ~  ~ 
                   
~~~~~ 8 ~~~~~
Wed May 04 01:52:42 +0000 2016
Autocad Visual Programming way back in 2015
https://t.co/LxIMqH6j2F
 ~  ~  ~~ : ~~ ~  ~ 
                   
~~~~~ 9 ~~~~~
Wed May 04 01:51:03 +0000 2016
OHhhhh shoot this should be fun https://t.co/yKwZ39MWZ4
 ~  ~  ~~ : ~~ ~  ~ 
                   
~~~~~ 6 ~~~~~
Sat Apr 01 16:42:53 +0000 2017
“Writing Command-Line Applications in NodeJS” by @pmbenjamin https://t.co/NIuUXomLD6
 ~  ~  ~~ : ~~ ~  ~ 
                   
~~~~~ 10 ~~~~~
Wed May 04 01:50:18 +0000 2016
RT @BillGates: In this fascinating book, Nick Lane explores the latest thinking on the origin of life: https://t.co/JOqWEa5GEy https://t.co…
 ~  ~  ~~ : ~~ ~  ~ 
                   
~~~~~ 5 ~~~~~
Sun Apr 02 18:34:11 +0000 2017
Ode to Code
 ~  ~  ~~ : ~~ ~  ~ 
                   
~~~~~ 14 ~~~~~
Sat Dec 05 21:41:46 +0000 2015
#Koons https://t.co/Y1mdDb92tm
 ~  ~  ~~ : ~~ ~  ~ 
                   
~~~~~ 11 ~~~~~
Sat Dec 12 01:35:30 +0000 2015
RT @chriswmackey: @__Mostapha__ @ladybug_tool @DynamoBIM @ParametricMnky Amazing! The era of ladybug for Dynamo is here!
 ~  ~  ~~ : ~~ ~  ~ 
                   
~~~~~ 12 ~~~~~
Wed Dec 09 04:33:27 +0000 2015
RT @Codecademy: Happy Computer Science Education Week! @CSEdWeek Join us in the #HourOfCode with #Codecademy https://t.co/64K1NdyM8K https:…
 ~  ~  ~~ : ~~ ~  ~ 
                   
~~~~~ 16 ~~~~~
Thu Dec 03 21:02:17 +0000 2015
RT @_NateHolland: What sorcery is this?!? I just pressed the button and both projectors worked perfectly almost instantly https://t.co/B0uH…
 ~  ~  ~~ : ~~ ~  ~ 
                   
~~~~~ 13 ~~~~~
Sun Dec 06 20:15:28 +0000 2015
RT @5devene: @DynamoBIM #SpringNodes v. 82.6.1 is out and it's a big one. Instance.ByGeom now works in Rvt 2016+void cuts galore. https://t…
 ~  ~  ~~ : ~~ ~  ~ 
                   
~~~~~ 17 ~~~~~
Thu Dec 03 20:54:50 +0000 2015
@arch_laboratory @DynamoBIM @BIM_SFDUG @AU2015 @autodesku 
Elefront 
https://t.co/fsRTARHuVh
 ~  ~  ~~ : ~~ ~  ~ 
                   
~~~~~ 15 ~~~~~
Thu Dec 03 21:53:48 +0000 2015
RT @andrewheumann: Dude next to me excitedly writing down "AUTO NAME VIEWS BASED ON LOCATION ON SHEET!!" in @_NateHolland's @DynamoBIM sess…
 ~  ~  ~~ : ~~ ~  ~ 
                   
~~~~~ 18 ~~~~~
Thu Dec 03 19:25:20 +0000 2015
@DynamoBIM @BIM_SFDUG @arch_laboratory @AU2015 @autodesku 
Video Link
Very inspiring content
 ~  ~  ~~ : ~~ ~  ~ 
                   
~~~~~ 19 ~~~~~
Thu Dec 03 19:23:29 +0000 2015
@brianringley @ProvingGroundIO
Video Link 
https://t.co/3l6AgvOFHx
 ~  ~  ~~ : ~~ ~  ~ 
                   ~~~~~~~~~~~~~~~
* Undefined
* 2014
* N/A
* Lebanon
* Arabic
* N/A
* Lina Samman, Nour Arida, Valerie Abou Chacra, Christine Choueiri
~~~~~~~~~~~~~~~~~~~~~~~~~~~~~~
* Up and at 'Em, Amalie
* 1973
* 4.9
* Denmark
* Danish
* N/A
* Marguerite Viby, Karen Lykkehus, Kai Holm, Paul Hagen
~~~~~~~~~~~~~~~~~~~~~~~~~~~~~~
* Undefined
* 2014
* N/A
* Lebanon
* Arabic
* N/A
* Lina Samman, Nour Arida, Valerie Abou Chacra, Christine Choueiri
~~~~~~~~~~~~~~~

Artist: Major Lazer
Song Name: Run Up
Album Name: Run Up


Artist: Major Lazer
Song Name: Run Up
Album Name: Run Up
Preview Url: https://p.scdn.co/mp3-preview/fe5cd71191a076e83c9bcb39dfe4f7df7bb1b616?cid=null~~~~~~~~~~~~~~~
* Undefined
* 2014
* N/A
* Lebanon
* Arabic
* N/A
* Lina Samman, Nour Arida, Valerie Abou Chacra, Christine Choueiri
~~~~~~~~~~~~~~~~~~~~~~~~~~~~~~
* undefined
* undefined
* undefined
* undefined
* undefined
* undefined
* undefined
~~~~~~~~~~~~~~~~~~~~~~~~~~~~~~
* Up and at 'Em, Amalie
* 1973
* 4.9
* Denmark
* Danish
* N/A
* Marguerite Viby, Karen Lykkehus, Kai Holm, Paul Hagen
~~~~~~~~~~~~~~~~~~~~~~~~~~~~~~
* undefined
* undefined
* undefined
* undefined
* undefined
* undefined
* undefined
~~~~~~~~~~~~~~~~~~~~~~~~~~~~~~
* undefined
* undefined
* undefined
* undefined
* undefined
* undefined
* undefined
~~~~~~~~~~~~~~~~~~~~~~~~~~~~~~
* Spiderman
* 1990
* 5.7
* Switzerland
* German
* N/A
* N/A
~~~~~~~~~~~~~~~~~~~~~~~~~~~~~~
* Up and at 'Em, Amalie
* 1973
* 4.9
* Denmark
* Danish
* N/A
* Marguerite Viby, Karen Lykkehus, Kai Holm, Paul Hagen
~~~~~~~~~~~~~~~